<?xml version="1.0" encoding="utf-8"?><testsuites name="pytest tests"><testsuite name="pytest" errors="0" failures="0" skipped="0" tests="242" time="37.968" timestamp="2026-08-10T15:22:51.826203+08:00" hostname="MattkuodeMac-mini.local"><testcase classname="tests.test_pantheon_content_runtime_manifest" name="test_runtime_manifest_canonicalizes_one_shared_cross_actor_contract" time="0.002" /><testcase classname="tests.test_pantheon_content_runtime_manifest" name="test_runtime_manifest_rejects_alias_and_cross_installer_drift" time="0.001" /><testcase classname="tests.test_pantheon_content_runtime_manifest" name="test_all_formal_installers_and_plists_consume_shared_manifest_identity" time="0.002" /><testcase classname="tests.test_pantheon_content_runtime_manifest" name="test_aggregate_gate_rejects_mixed_manifest_plists" time="0.302" /><testcase classname="tests.test_pantheon_content_runtime_manifest" name="test_stale_or_malformed_activation_barrier_fails_closed" time="0.029" /><testcase classname="tests.test_pantheon_content_runtime_manifest" name="test_runtime_identity_contract_contains_generation_and_runtime_digest" time="0.001" /><testcase classname="tests.test_pantheon_content_runtime_manifest" name="test_seven_service_barrier_requires_complete_matching_acknowledgements" time="0.003" /><testcase classname="tests.test_pantheon_content_runtime_manifest" name="test_runtime_tick_rejects_drift_before_queue_mutation" time="0.001" /><testcase classname="tests.test_pantheon_content_runtime_manifest" name="test_rollback_identity_requires_saved_actual_control_plane_match" time="0.000" /><testcase classname="tests.test_pantheon_content_runtime_manifest" name="test_each_service_identity_mismatch_fails_before_first_io[com.pantheon.agy-content-publisher]" time="0.001" /><testcase classname="tests.test_pantheon_content_runtime_manifest" name="test_each_service_identity_mismatch_fails_before_first_io[com.pantheon.agy-gemini-coordinator]" time="0.001" /><testcase classname="tests.test_pantheon_content_runtime_manifest" name="test_each_service_identity_mismatch_fails_before_first_io[com.pantheon.agy-gemini-new]" time="0.001" /><testcase classname="tests.test_pantheon_content_runtime_manifest" name="test_each_service_identity_mismatch_fails_before_first_io[com.pantheon.agy-gemini-rewrite]" time="0.001" /><testcase classname="tests.test_pantheon_content_runtime_manifest" name="test_each_service_identity_mismatch_fails_before_first_io[com.pantheon.agy-gemini-i18n-new]" time="0.001" /><testcase classname="tests.test_pantheon_content_runtime_manifest" name="test_each_service_identity_mismatch_fails_before_first_io[com.pantheon.agy-gemini-i18n-rewrite]" time="0.001" /><testcase classname="tests.test_pantheon_content_runtime_manifest" name="test_each_service_identity_mismatch_fails_before_first_io[com.pantheon.content-capacity-guard]" time="0.001" /><testcase classname="tests.test_pantheon_content_runtime_manifest" name="test_early_service_acknowledges_but_cannot_run_before_barrier" time="1.060" /><testcase classname="tests.test_agy_gemini_coordinator" name="test_register_run_is_idempotent_and_keeps_private_path_local" time="0.005" /><testcase classname="tests.test_agy_gemini_coordinator" name="test_formal_coordinator_rejects_manifest_drift_before_lock_mutation" time="0.003" /><testcase classname="tests.test_agy_gemini_coordinator" name="test_resume_locale_plan_validation_failure_starts_fresh_attempt" time="0.005" /><testcase classname="tests.test_agy_gemini_coordinator" name="test_resume_other_failure_preserves_existing_job_lineage" time="0.005" /><testcase classname="tests.test_agy_gemini_coordinator" name="test_register_run_rejects_more_than_five_articles" time="0.001" /><testcase classname="tests.test_agy_gemini_coordinator" name="test_register_run_accepts_private_rewrite_brief_above_eight_kb" time="0.003" /><testcase classname="tests.test_agy_gemini_coordinator" name="test_cycle_processes_one_external_job_then_completes_run" time="0.004" /><testcase classname="tests.test_agy_gemini_coordinator" name="test_cycle_advances_oldest_active_runs_instead_of_state_filename_order" time="0.013" /><testcase classname="tests.test_agy_gemini_coordinator" name="test_cycle_exact_run_ids_never_advances_unlisted_active_run" time="0.004" /><testcase classname="tests.test_agy_gemini_coordinator" name="test_cycle_exact_run_ids_processed_runner_keeps_unlisted_run_unchanged" time="0.004" /><testcase classname="tests.test_agy_gemini_coordinator" name="test_cycle_exact_run_ids_reject_duplicates_before_advancing" time="0.002" /><testcase classname="tests.test_agy_gemini_coordinator" name="test_cycle_exact_run_ids_continue_after_one_selected_run_is_terminal" time="0.004" /><testcase classname="tests.test_agy_gemini_coordinator" name="test_lane_mode_advances_one_run_per_content_lane" time="0.008" /><testcase classname="tests.test_agy_gemini_coordinator" name="test_lane_mode_continues_oldest_registered_run_until_terminal" time="0.005" /><testcase classname="tests.test_agy_gemini_coordinator" name="test_new_only_cycle_advances_one_new_and_skips_non_new_lanes" time="0.006" /><testcase classname="tests.test_agy_gemini_coordinator" name="test_lane_mode_migrates_shared_pending_jobs_by_run_namespace" time="0.002" /><testcase classname="tests.test_agy_gemini_coordinator" name="test_cycle_marks_run_failed_without_retrying_external_job" time="0.002" /><testcase classname="tests.test_agy_gemini_coordinator" name="test_seed_failed_translation_replacements_is_bounded_per_i18n_lane" time="0.005" /><testcase classname="tests.test_agy_gemini_coordinator" name="test_lane_cycle_reports_bounded_translation_replacement_seeding" time="0.001" /><testcase classname="tests.test_agy_gemini_coordinator" name="test_failed_translation_replacement_skip_is_persisted_without_log_loop" time="0.002" /><testcase classname="tests.test_agy_gemini_coordinator" name="test_translation_replacement_reason_is_closed_and_requires_exhaustion[LocalePlanValidationError-None-None-LOCALE_PLAN_VALIDATION]" time="0.000" /><testcase classname="tests.test_agy_gemini_coordinator" name="test_translation_replacement_reason_is_closed_and_requires_exhaustion[GeminiApiFailure-NETWORK-3-NETWORK]" time="0.000" /><testcase classname="tests.test_agy_gemini_coordinator" name="test_translation_replacement_reason_is_closed_and_requires_exhaustion[V4BrokerFailure-SCHEMA_INVALID_PAYLOAD-3-SCHEMA_INVALID_PAYLOAD]" time="0.000" /><testcase classname="tests.test_agy_gemini_coordinator" name="test_translation_replacement_reason_is_closed_and_requires_exhaustion[GeminiApiFailure-PROVIDER_UNAVAILABLE-3-PROVIDER_UNAVAILABLE]" time="0.000" /><testcase classname="tests.test_agy_gemini_coordinator" name="test_translation_replacement_reason_is_closed_and_requires_exhaustion[GeminiApiFailure-NETWORK-2-None]" time="0.001" /><testcase classname="tests.test_agy_gemini_coordinator" name="test_translation_replacement_reason_is_closed_and_requires_exhaustion[GeminiApiFailure-AUTH-3-None]" time="0.000" /><testcase classname="tests.test_agy_gemini_coordinator" name="test_translation_replacement_reason_is_closed_and_requires_exhaustion[GeminiApiFailure-QUOTA-3-None]" time="0.000" /><testcase classname="tests.test_agy_gemini_coordinator" name="test_translation_replacement_reason_is_closed_and_requires_exhaustion[CandidateValidationError-None-None-None]" time="0.000" /><testcase classname="tests.test_agy_gemini_coordinator" name="test_cycle_persists_closed_external_failure_recovery_metadata" time="0.002" /><testcase classname="tests.test_agy_gemini_coordinator" name="test_cycle_preserves_closed_code_and_failed_run_does_not_block_next" time="0.004" /><testcase classname="tests.test_agy_gemini_coordinator" name="test_cycle_closes_untrusted_failure_receipt_error_type" time="0.003" /><testcase classname="tests.test_agy_gemini_coordinator" name="test_cycle_closes_deep_failure_json_without_state_leak" time="0.005" /><testcase classname="tests.test_agy_gemini_coordinator" name="test_cycle_isolates_runner_malformed_json_and_keeps_run_retryable" time="0.002" /><testcase classname="tests.test_agy_gemini_coordinator" name="test_seed_legacy_rewrite_runs_registers_oldest_unattempted_article" time="0.003" /><testcase classname="tests.test_agy_gemini_coordinator" name="test_seed_legacy_rewrite_runs_preserves_orphan_state_and_uses_retry_lineage" time="0.002" /><testcase classname="tests.test_agy_gemini_coordinator" name="test_next_legacy_rewrite_run_id_skips_existing_retry_directory" time="0.001" /><testcase classname="tests.test_agy_gemini_coordinator" name="test_seed_legacy_rewrite_runs_advances_past_exhausted_clean_approvals" time="0.005" /><testcase classname="tests.test_agy_gemini_coordinator" name="test_seed_legacy_rewrite_runs_surfaces_non_idle_retry_blocker[retry_deferred]" time="0.001" /><testcase classname="tests.test_agy_gemini_coordinator" name="test_seed_legacy_rewrite_runs_surfaces_non_idle_retry_blocker[retry_invalid]" time="0.000" /><testcase classname="tests.test_agy_gemini_coordinator" name="test_seed_legacy_rewrite_runs_surfaces_exhausted_terminal_when_inventory_is_done" time="0.000" /><testcase classname="tests.test_agy_gemini_coordinator" name="test_terminalize_pending_cli_defaults_to_dry_run_without_mutation" time="0.056" /><testcase classname="tests.test_agy_gemini_coordinator" name="test_terminalize_pending_cli_supports_split_state_and_job_queue_roots" time="0.047" /><testcase classname="tests.test_agy_gemini_coordinator" name="test_terminalize_pending_execute_writes_state_and_evidence_to_split_roots" time="0.005" /><testcase classname="tests.test_agy_gemini_coordinator" name="test_terminalize_pending_execute_preserves_request_and_marks_run_terminal" time="0.005" /><testcase classname="tests.test_agy_gemini_coordinator" name="test_terminalize_pending_cli_execute_wires_public_command" time="0.047" /><testcase classname="tests.test_agy_gemini_coordinator" name="test_terminalize_pending_execute_is_byte_idempotent" time="0.005" /><testcase classname="tests.test_agy_gemini_coordinator" name="test_terminalize_pending_rejects_identity_mismatch_without_mutation[expected_run_id-different-run]" time="0.002" /><testcase classname="tests.test_agy_gemini_coordinator" name="test_terminalize_pending_rejects_identity_mismatch_without_mutation[job_id-0000000000000000000000000000000000000000]" time="0.003" /><testcase classname="tests.test_agy_gemini_coordinator" name="test_terminalize_pending_rejects_identity_mismatch_without_mutation[request_sha256-0000000000000000000000000000000000000000000000000000000000000000]" time="0.003" /><testcase classname="tests.test_agy_gemini_coordinator" name="test_terminalize_pending_rejects_identity_mismatch_without_mutation[model-gemini-2.5-flash-lite]" time="0.004" /><testcase classname="tests.test_agy_gemini_coordinator" name="test_terminalize_pending_rejects_identity_mismatch_without_mutation[role-reviewer]" time="0.003" /><testcase classname="tests.test_agy_gemini_coordinator" name="test_terminalize_pending_rejects_identity_mismatch_without_mutation[transport_attempt-2]" time="0.003" /><testcase classname="tests.test_agy_gemini_coordinator" name="test_terminalize_pending_rejects_identity_mismatch_without_mutation[reason-UNBOUNDED_OPERATOR_REASON]" time="0.007" /><testcase classname="tests.test_agy_gemini_coordinator" name="test_terminalize_pending_rejects_processing_job_without_operator_write" time="0.003" /><testcase classname="tests.test_agy_gemini_coordinator" name="test_terminalize_pending_recovers_after_state_write_interruption" time="0.006" /><testcase classname="tests.test_agy_gemini_coordinator" name="test_terminalize_pending_rejects_existing_production_attempt_evidence" time="0.003" /><testcase classname="tests.test_agy_gemini_coordinator" name="test_terminalize_pending_rejects_symlink_request" time="0.002" /><testcase classname="tests.test_agy_gemini_coordinator" name="test_terminalize_pending_rejects_corrupt_decision_schema_version" time="0.005" /><testcase classname="tests.test_agy_gemini_coordinator" name="test_seed_legacy_rewrite_runs_ignores_non_rewrite_active_runs_for_capacity" time="0.005" /><testcase classname="tests.test_agy_gemini_coordinator" name="test_cycle_legacy_sweep_does_not_require_manual_register" time="0.003" /><testcase classname="tests.test_agy_gemini_coordinator" name="test_seed_new_matrix_runs_registers_only_one_run_and_article_per_cycle" time="0.003" /><testcase classname="tests.test_agy_gemini_coordinator" name="test_cycle_new_matrix_sweep_does_not_require_manual_register" time="0.002" /><testcase classname="tests.test_agy_gemini_coordinator" name="test_launchd_template_runs_coordinator_and_installer_is_valid_shell" time="0.048" /><testcase classname="tests.test_agy_gemini_coordinator" name="test_installer_rejects_relative_production_pool_before_install_side_effects" time="0.652" /><testcase classname="tests.test_agy_gemini_coordinator" name="test_installer_rejects_relative_allocator_state_before_install_side_effects" time="0.352" /><testcase classname="tests.test_agy_gemini_coordinator" name="test_installer_rejects_invalid_admission_config_before_side_effects[AGY_GEMINI_NEW_ONLY-true]" time="0.394" /><testcase classname="tests.test_agy_gemini_coordinator" name="test_installer_rejects_invalid_admission_config_before_side_effects[AGY_GEMINI_RATE_LIMIT_COOLDOWN_SECONDS-0]" time="0.631" /><testcase classname="tests.test_agy_gemini_coordinator" name="test_installer_rejects_invalid_admission_config_before_side_effects[AGY_GEMINI_RATE_LIMIT_COOLDOWN_SECONDS-3601]" time="0.617" /><testcase classname="tests.test_agy_gemini_coordinator" name="test_installer_metadata_failure_has_zero_target_or_control_side_effects[pool-corrupt]" time="0.735" /><testcase classname="tests.test_agy_gemini_coordinator" name="test_installer_metadata_failure_has_zero_target_or_control_side_effects[state-corrupt]" time="0.732" /><testcase classname="tests.test_agy_gemini_coordinator" name="test_installer_metadata_failure_has_zero_target_or_control_side_effects[pool-mismatch]" time="0.786" /><testcase classname="tests.test_agy_gemini_coordinator" name="test_installer_metadata_failure_has_zero_target_or_control_side_effects[lock-nonempty]" time="0.786" /><testcase classname="tests.test_agy_gemini_coordinator" name="test_installer_metadata_failure_has_zero_target_or_control_side_effects[state-parent-unsafe]" time="0.751" /><testcase classname="tests.test_agy_gemini_coordinator" name="test_installer_preflight_builds_all_lane_plists_without_control_plane_mutation" time="1.436" /><testcase classname="tests.test_agy_gemini_coordinator" name="test_four_lane_recovery_coordinator_rejects_new_only_before_mutation" time="0.334" /><testcase classname="tests.test_agy_gemini_coordinator" name="test_four_lane_installer_separates_stage_and_activation_with_rollback" time="0.001" /><testcase classname="tests.test_agy_gemini_coordinator" name="test_aggregate_activation_rejects_mixed_installer_manifest_before_mutation" time="2.180" /><testcase classname="tests.test_agy_gemini_coordinator" name="test_four_lane_activation_failure_restores_previous_plists_and_loaded_state[0-ROLLBACK_COMPLETE]" time="2.599" /><testcase classname="tests.test_agy_gemini_coordinator" name="test_four_lane_activation_failure_restores_previous_plists_and_loaded_state[4-ROLLBACK_FAILED]" time="2.625" /><testcase classname="tests.test_agy_gemini_coordinator" name="test_installer_builds_and_lints_every_plist_before_any_mutation[1]" time="1.489" /><testcase classname="tests.test_agy_gemini_coordinator" name="test_installer_builds_and_lints_every_plist_before_any_mutation[2]" time="1.680" /><testcase classname="tests.test_agy_gemini_coordinator" name="test_installer_builds_and_lints_every_plist_before_any_mutation[3]" time="2.023" /><testcase classname="tests.test_agy_gemini_coordinator" name="test_installer_builds_and_lints_every_plist_before_any_mutation[4]" time="2.071" /><testcase classname="tests.test_agy_gemini_coordinator" name="test_installer_builds_and_lints_every_plist_before_any_mutation[5]" time="2.009" /><testcase classname="tests.test_agy_gemini_coordinator" name="test_installer_injects_one_shared_allocator_contract_into_coordinator_and_all_lanes[model_overrides0]" time="1.550" /><testcase classname="tests.test_agy_gemini_coordinator" name="test_installer_injects_one_shared_allocator_contract_into_coordinator_and_all_lanes[model_overrides1]" time="1.669" /><testcase classname="tests.test_agy_gemini_coordinator" name="test_installer_pool_opt_out_preserves_compatibility_without_pool_requirements" time="1.458" /><testcase classname="tests.test_agy_gemini_runner" name="test_runner_exact_run_ids_claims_only_matching_namespace" time="0.002" /><testcase classname="tests.test_agy_gemini_runner" name="test_runner_exact_run_ids_missing_target_does_not_claim_fallback" time="0.001" /><testcase classname="tests.test_agy_gemini_runner" name="test_formal_lane_rejects_manifest_drift_before_claim" time="0.001" /><testcase classname="tests.test_agy_content_publisher" name="test_formal_publisher_rejects_manifest_drift_before_state_lock" time="0.001" /><testcase classname="tests.test_agy_content_publisher" name="test_collect_ready_runs_skips_reviewer_reject" time="0.002" /><testcase classname="tests.test_agy_content_publisher" name="test_collect_ready_runs_exact_selector_excludes_unlisted_ready_run" time="0.002" /><testcase classname="tests.test_agy_content_publisher" name="test_collect_ready_runs_without_exact_selector_keeps_existing_selection" time="0.002" /><testcase classname="tests.test_agy_content_publisher" name="test_exact_fresh_ja_selector_rejects_non_fresh_or_wrong_lane[auto-i18n-ko-fresh-001-ko-V2-NEW-001-None-must be JA]" time="0.001" /><testcase classname="tests.test_agy_content_publisher" name="test_exact_fresh_ja_selector_rejects_non_fresh_or_wrong_lane[auto-i18n-ja-fresh-001-replacement-01-ja-V2-NEW-001-None-replacement lineage]" time="0.001" /><testcase classname="tests.test_agy_content_publisher" name="test_exact_fresh_ja_selector_rejects_non_fresh_or_wrong_lane[auto-i18n-ja-fresh-001-ja-LEGACY-001-None-i18n-new]" time="0.001" /><testcase classname="tests.test_agy_content_publisher" name="test_exact_fresh_ja_selector_rejects_non_fresh_or_wrong_lane[auto-i18n-ja-fresh-001-ja-V2-NEW-001-prior-run-replacement lineage]" time="0.001" /><testcase classname="tests.test_agy_content_publisher" name="test_exact_fresh_ja_selector_requires_one_existing_fresh_run" time="0.000" /><testcase classname="tests.test_agy_content_publisher" name="test_exact_fresh_ja_selector_rejects_old_retry_run" time="0.001" /><testcase classname="tests.test_agy_content_publisher" name="test_exact_fresh_ja_selector_uses_existing_publisher_transaction_contract" time="0.001" /><testcase classname="tests.test_agy_content_publisher" name="test_prepare_exact_fresh_ja_run_rejects_other_selectors[-V2-NEW-001-source run id]" time="0.000" /><testcase classname="tests.test_agy_content_publisher" name="test_prepare_exact_fresh_ja_run_rejects_other_selectors[source-run-001-LEGACY-001-i18n-new]" time="0.000" /><testcase classname="tests.test_agy_content_publisher" name="test_prepare_exact_fresh_ja_run_rejects_other_selectors[source-replacement-01-V2-NEW-001-replacement lineage]" time="0.000" /><testcase classname="tests.test_agy_content_publisher" name="test_prepare_exact_fresh_ja_run_uses_existing_queue_registration" time="0.391" /><testcase classname="tests.test_agy_content_publisher" name="test_publish_ready_runs_exact_selector_does_not_seed_unlisted_translations" time="0.002" /><testcase classname="tests.test_agy_content_publisher" name="test_recover_exhausted_create_retry_dry_run_is_read_only" time="0.002" /><testcase classname="tests.test_agy_content_publisher" name="test_recover_exhausted_create_retry_resets_budget_with_audit_receipt" time="0.005" /><testcase classname="tests.test_agy_content_publisher" name="test_recover_exhausted_create_retry_rejects_invalid_failure_evidence[status-RECOVERY_PENDING-failure evidence is not fully recovered]" time="0.002" /><testcase classname="tests.test_agy_content_publisher" name="test_recover_exhausted_create_retry_rejects_invalid_failure_evidence[repo_recovered-False-failure evidence is not fully recovered]" time="0.003" /><testcase classname="tests.test_agy_content_publisher" name="test_recover_exhausted_create_retry_rejects_invalid_failure_evidence[retry_status-unknown-candidate preservation is not proven]" time="0.002" /><testcase classname="tests.test_agy_content_publisher" name="test_recover_exhausted_create_retry_rejects_invalid_failure_evidence[error_type-OSError-failure type is not bound]" time="0.003" /><testcase classname="tests.test_agy_content_publisher" name="test_recover_exhausted_create_retry_rejects_error_or_ledger_drift" time="0.002" /><testcase classname="tests.test_agy_content_publisher" name="test_recover_exhausted_create_retry_rejects_post_dry_run_drift" time="0.002" /><testcase classname="tests.test_agy_content_publisher" name="test_policy_v2_scheduler_rejection_is_terminal_and_never_enters_retry_loop" time="0.003" /><testcase classname="tests.test_agy_content_publisher" name="test_policy_v2_required_finding_cannot_use_publisher_override" time="0.001" /><testcase classname="tests.test_agy_content_publisher" name="test_policy_v2_run_prerender_passes_explicit_rewrite_mode" time="0.001" /><testcase classname="tests.test_agy_content_publisher" name="test_policy_v2_noop_rewrite_apply_fails_before_modified_is_written" time="0.001" /><testcase classname="tests.test_agy_content_publisher" name="test_apply_rewrite_release_uses_inventory_slug_for_body_override" time="0.002" /><testcase classname="tests.test_agy_content_publisher" name="test_apply_rewrite_release_refuses_to_overwrite_existing_release_module" time="0.001" /><testcase classname="tests.test_agy_content_publisher" name="test_apply_rewrite_release_reuses_validated_inventory_snapshot" time="0.002" /><testcase classname="tests.test_agy_content_publisher" name="test_apply_rewrite_release_invalid_inventory_fails_closed[missing_article-rewrite source article no longer exists]" time="0.000" /><testcase classname="tests.test_agy_content_publisher" name="test_apply_rewrite_release_invalid_inventory_fails_closed[missing_record-rewrite source record is missing]" time="0.001" /><testcase classname="tests.test_agy_content_publisher" name="test_apply_rewrite_release_invalid_inventory_fails_closed[missing_slug-rewrite source body slug is missing]" time="0.001" /><testcase classname="tests.test_agy_content_publisher" name="test_apply_rewrite_release_invalid_inventory_fails_closed[blank_slug-rewrite source body slug is missing]" time="0.001" /><testcase classname="tests.test_agy_content_publisher" name="test_policy_v2_rewrite_prerender_rejection_is_terminal_without_transport_retry" time="0.204" /><testcase classname="tests.test_agy_content_publisher" name="test_rewrite_full_test_failure_rolls_back_updated_date_transaction" time="0.198" /><testcase classname="tests.test_agy_content_publisher" name="test_collect_ready_translation_runs_keeps_reject_deferred_without_blocking_approve" time="0.002" /><testcase classname="tests.test_agy_content_publisher" name="test_translation_gate_failure_restores_clean_repo_and_preserves_candidate_evidence" time="0.508" /><testcase classname="tests.test_agy_content_publisher" name="test_publish_ready_runs_applies_approved_candidate_without_push" time="0.006" /><testcase classname="tests.test_agy_content_publisher" name="test_collect_ready_rewrite_runs_ignores_create_quarantine_and_reject" time="0.002" /><testcase classname="tests.test_agy_content_publisher" name="test_schema_conformant_rewrite_passes_offline_generation_to_publisher_eligibility" time="0.006" /><testcase classname="tests.test_agy_content_publisher" name="test_collect_ready_rewrite_runs_skips_non_legacy_articles" time="0.001" /><testcase classname="tests.test_agy_content_publisher" name="test_publish_ready_rewrite_runs_quarantines_identity_drift[title]" time="0.003" /><testcase classname="tests.test_agy_content_publisher" name="test_publish_ready_rewrite_runs_quarantines_identity_drift[primary_keyword]" time="0.003" /><testcase classname="tests.test_agy_content_publisher" name="test_publish_ready_rewrite_runs_quarantines_identity_drift[serial]" time="0.003" /><testcase classname="tests.test_agy_content_publisher" name="test_publish_ready_rewrite_runs_quarantines_identity_drift[category]" time="0.003" /><testcase classname="tests.test_agy_content_publisher" name="test_publish_ready_rewrite_runs_quarantines_identity_drift[url_slug]" time="0.003" /><testcase classname="tests.test_agy_content_publisher" name="test_legacy_rewrite_backlog_blocks_reject_repair_until_all_legacy_attempted" time="0.001" /><testcase classname="tests.test_agy_content_publisher" name="test_legacy_rewrite_backlog_classifies_retry_terminal_states_without_replay" time="0.009" /><testcase classname="tests.test_agy_content_publisher" name="test_malformed_rewrite_retry_blocks_coordinator_without_mutation[retry_payload0]" time="0.003" /><testcase classname="tests.test_agy_content_publisher" name="test_malformed_rewrite_retry_blocks_coordinator_without_mutation[retry_payload1]" time="0.003" /><testcase classname="tests.test_agy_content_publisher" name="test_legacy_rewrite_backlog_counts_active_runs_as_attempted" time="0.002" /><testcase classname="tests.test_agy_content_publisher" name="test_legacy_rewrite_backlog_ignores_active_create_runs" time="0.001" /><testcase classname="tests.test_agy_content_publisher" name="test_legacy_rewrite_backlog_allows_reject_repair_after_all_legacy_attempted" time="0.002" /><testcase classname="tests.test_agy_content_publisher" name="test_legacy_serial_report_uses_pre_automated_gemini_cutoff" time="0.001" /><testcase classname="tests.test_agy_content_publisher" name="test_publish_ready_rewrite_runs_applies_body_override_without_push" time="0.009" /><testcase classname="tests.test_agy_content_publisher" name="test_seed_pending_translations_backfills_recovered_rewrite_release" time="0.002" /><testcase classname="tests.test_agy_content_publisher" name="test_publish_blocks_when_head_differs_from_origin" time="0.001" /><testcase classname="tests.test_agy_content_publisher" name="test_runtime_manifest_digest_is_path_ordered_and_byte_sensitive" time="0.002" /><testcase classname="tests.test_agy_content_publisher" name="test_runtime_manifest_digest_is_path_set_sensitive" time="0.002" /><testcase classname="tests.test_agy_content_publisher" name="test_deployment_preflight_returns_read_only_plan_without_mutation" time="0.002" /><testcase classname="tests.test_agy_content_publisher" name="test_deployment_preflight_allows_descendant_content_only_origin_advance" time="0.002" /><testcase classname="tests.test_agy_content_publisher" name="test_main_deployment_preflight_returns_before_state_or_publish_mutation" time="0.001" /><testcase classname="tests.test_agy_content_publisher" name="test_deployment_preflight_fails_closed_on_contract_drift[actor-actor root]" time="0.002" /><testcase classname="tests.test_agy_content_publisher" name="test_deployment_preflight_fails_closed_on_contract_drift[queue-queue root]" time="0.002" /><testcase classname="tests.test_agy_content_publisher" name="test_deployment_preflight_fails_closed_on_contract_drift[state-state root]" time="0.002" /><testcase classname="tests.test_agy_content_publisher" name="test_deployment_preflight_fails_closed_on_contract_drift[runtime-runtime SHA]" time="0.002" /><testcase classname="tests.test_agy_content_publisher" name="test_deployment_preflight_fails_closed_on_contract_drift[runtime-digest-runtime digest]" time="0.002" /><testcase classname="tests.test_agy_content_publisher" name="test_deployment_preflight_fails_closed_on_contract_drift[dirty-worktree is not clean]" time="0.002" /><testcase classname="tests.test_agy_content_publisher" name="test_deployment_preflight_fails_closed_on_contract_drift[origin-origin/main is not a descendant]" time="0.002" /><testcase classname="tests.test_agy_content_publisher" name="test_deployment_preflight_fails_closed_on_contract_drift[origin-runtime-publisher runtime differs from origin/main]" time="0.002" /><testcase classname="tests.test_agy_content_publisher" name="test_deployment_preflight_fails_closed_on_contract_drift[push-push mode]" time="0.002" /><testcase classname="tests.test_agy_content_publisher" name="test_publish_ready_all_runs_create_then_rewrite_then_translation" time="0.001" /><testcase classname="tests.test_agy_content_publisher" name="test_launchd_template_runs_content_publisher_and_installer_is_valid_shell" time="0.004" /><testcase classname="tests.test_agy_content_publisher" name="test_four_lane_recovery_publisher_rejects_new_only_before_mutation" time="0.012" /><testcase classname="tests.test_agy_content_publisher" name="test_publish_ready_runs_new_only_does_not_seed_translations" time="0.001" /><testcase classname="tests.test_agy_content_publisher" name="test_main_new_only_passes_translation_seed_gate" time="0.001" /><testcase classname="tests.test_agy_content_publisher" name="test_stage_commit_pushes_release_commit_and_tag_atomically" time="0.000" /><testcase classname="tests.test_agy_content_publisher" name="test_push_checks_live_canonical_host_before_git_mutation" time="0.000" /><testcase classname="tests.test_agy_content_publisher" name="test_local_release_does_not_require_live_canonical_host" time="0.000" /><testcase classname="tests.test_agy_content_publisher" name="test_recovery_removes_unpushed_commit_and_tag_but_preserves_failure_evidence" time="0.241" /><testcase classname="tests.test_agy_content_publisher" name="test_transaction_preserves_owned_change_between_clean_check_and_mutation" time="0.190" /><testcase classname="tests.test_agy_content_publisher" name="test_recovery_never_overwrites_concurrent_post_image_bytes" time="0.173" /><testcase classname="tests.test_agy_content_publisher" name="test_recovery_preserves_concurrent_owned_write_before_unattributed_checkpoint" time="0.172" /><testcase classname="tests.test_agy_content_publisher" name="test_atomic_push_exception_reconciles_remote_matrix[base--rollback]" time="0.001" /><testcase classname="tests.test_agy_content_publisher" name="test_atomic_push_exception_reconciles_remote_matrix[candidate-candidate-committed]" time="0.001" /><testcase classname="tests.test_agy_content_publisher" name="test_atomic_push_exception_reconciles_remote_matrix[candidate--unknown]" time="0.001" /><testcase classname="tests.test_agy_content_publisher" name="test_unresolved_push_record_blocks_next_full_publish_before_clean_origin" time="0.002" /><testcase classname="tests.test_agy_content_publisher" name="test_failed_first_queue_run_is_deferred_and_second_run_remains_publishable" time="0.188" /><testcase classname="tests.test_agy_content_publisher" name="test_recovery_retry_uses_collector_selected_run_and_leaves_third_publishable" time="0.244" /><testcase classname="tests.test_agy_content_publisher" name="test_recovery_fault_always_has_pre_cleanup_metadata[archive-copy]" time="0.152" /><testcase classname="tests.test_agy_content_publisher" name="test_recovery_fault_always_has_pre_cleanup_metadata[update-ref]" time="0.167" /><testcase classname="tests.test_agy_content_publisher" name="test_recovery_fault_always_has_pre_cleanup_metadata[restore]" time="0.181" /><testcase classname="tests.test_agy_content_publisher" name="test_recovery_fault_always_has_pre_cleanup_metadata[unlink]" time="0.211" /><testcase classname="tests.test_agy_content_publisher" name="test_recovery_fault_always_has_pre_cleanup_metadata[tag-delete]" time="0.189" /><testcase classname="tests.test_agy_content_publisher" name="test_recovery_fault_always_has_pre_cleanup_metadata[final-evidence-write]" time="0.215" /><testcase classname="tests.test_agy_content_publisher" name="test_sync_web_test_release_fixture_updates_cache_token_and_paths" time="0.001" /><testcase classname="tests.test_agy_content_publisher" name="test_sync_web_test_release_fixture_does_not_require_public_paths_to_be_adjacent" time="0.001" /><testcase classname="tests.test_agy_content_publisher" name="test_sync_web_test_release_fixture_preserves_runtime_hub_assertions" time="0.001" /><testcase classname="tests.test_agy_content_publisher" name="test_sync_web_test_cache_token_updates_runtime_templates_from_same_token" time="0.001" /><testcase classname="tests.test_agy_content_publisher" name="test_run_release_tests_runs_fast_preflight_before_full_gate" time="0.001" /><testcase classname="tests.test_agy_content_publisher" name="test_preflight_test_command_selectors_resolve_to_top_level_tests" time="0.008" /><testcase classname="tests.test_agy_content_publisher" name="test_run_release_tests_skips_full_gate_when_preflight_fails" time="0.001" /><testcase classname="tests.test_agy_content_publisher" name="test_isolated_transaction_never_mutates_actor_concurrent_bytes" time="0.333" /><testcase classname="tests.test_agy_content_publisher" name="test_transaction_lifecycle_lock_blocks_concurrent_scavenger" time="0.025" /><testcase classname="tests.test_agy_content_publisher" name="test_trim_log_file_keeps_only_bounded_tail" time="0.001" /><testcase classname="tests.test_agy_content_publisher" name="test_isolated_transaction_blocks_stale_actor_runtime" time="0.001" /><testcase classname="tests.test_agy_content_publisher" name="test_main_runs_real_publish_in_isolated_worktree" time="0.273" /><testcase classname="tests.test_pantheon_content_capacity_guard" name="test_log_rotation_keeps_inode_and_tail" time="0.028" /><testcase classname="tests.test_pantheon_content_capacity_guard" name="test_formal_capacity_guard_rejects_manifest_drift_before_state_write" time="0.002" /><testcase classname="tests.test_pantheon_content_capacity_guard" name="test_measure_tree_ignores_directory_that_disappears_during_scan" time="0.001" /><testcase classname="tests.test_pantheon_content_capacity_guard" name="test_preflight_rejects_low_disk_without_mutation" time="0.001" /><testcase classname="tests.test_pantheon_content_capacity_guard" name="test_preflight_accepts_free_space_above_ten_percent" time="0.001" /><testcase classname="tests.test_pantheon_content_capacity_guard" name="test_preflight_accepts_exactly_ten_percent_free" time="0.001" /><testcase classname="tests.test_pantheon_content_capacity_guard" name="test_check_over_budget_stops_only_registered_services" time="0.001" /><testcase classname="tests.test_pantheon_content_capacity_guard" name="test_check_within_budget_records_pass_without_bootout" time="0.001" /><testcase classname="tests.test_pantheon_content_capacity_guard" name="test_two_high_growth_cycles_trigger_bounded_stop_loss" time="0.003" /><testcase classname="tests.test_pantheon_content_capacity_guard" name="test_launchd_template_and_installer_keep_five_minute_fail_closed_contract" time="0.001" /><testcase classname="tests.test_pantheon_content_capacity_guard" name="test_capacity_installer_preflight_has_no_target_or_control_plane_mutation" time="1.076" /><testcase classname="tests.test_pantheon_content_capacity_guard" name="test_unknown_rss_or_swap_telemetry_is_no_go" time="0.001" /><testcase classname="tests.test_pantheon_content_capacity_guard" name="test_stop_loss_is_stopped_only_after_every_registered_identity_is_absent" time="0.002" /><testcase classname="tests.test_pantheon_content_capacity_guard" name="test_bounded_runner_records_two_write_cycles_reclamation_and_stop_loss" time="0.001" /><testcase classname="tests.test_pantheon_content_capability_probe" name="test_one_formal_probe_emits_machine_correlated_positive_chain" time="0.352" /><testcase classname="tests.test_pantheon_content_capability_probe" name="test_same_formal_probe_boundary_blocks_corrupted_handoff" time="0.217" /><testcase classname="tests.test_pantheon_content_capability_probe" name="test_replacing_formal_adapter_with_failing_implementation_blocks_chain" time="0.182" /><testcase classname="tests.test_pantheon_content_capability_probe" name="test_probe_rejects_caller_digest_that_does_not_match_production_sources" time="0.021" /><testcase classname="tests.test_pantheon_content_capability_probe" name="test_thin_adapter_never_converts_production_boundary_failure_to_pass[create]" time="0.001" /><testcase classname="tests.test_pantheon_content_capability_probe" name="test_thin_adapter_never_converts_production_boundary_failure_to_pass[run]" time="0.001" /><testcase classname="tests.test_pantheon_content_capability_probe" name="test_thin_adapter_never_converts_production_boundary_failure_to_pass[select]" time="0.001" /><testcase classname="tests.test_pantheon_content_capability_probe" name="test_thin_adapter_never_converts_production_boundary_failure_to_pass[publish]" time="0.001" /><testcase classname="tests.test_pantheon_content_capability_probe" name="test_thin_adapter_never_converts_production_boundary_failure_to_pass[transaction]" time="0.001" /><testcase classname="tests.test_pantheon_content_capability_probe" name="test_thin_adapter_never_converts_production_boundary_failure_to_pass[tag]" time="0.001" /><testcase classname="tests.test_pantheon_content_capability_probe" name="test_thin_adapter_never_converts_production_boundary_failure_to_pass[push]" time="0.001" /><testcase classname="tests.test_pantheon_content_actor_recovery" name="test_recovery_fails_closed_outside_allowlist_and_on_dirty_source" time="0.164" /></testsuite></testsuites>